2022-05-17 19:32:21,943 INFO org.springframework.boot.StartupInfoLogger [restartedMain] Starting EstockmarketCommandApplication using Java 11.0.12 on ctsjava91 with PID 9800 (C:\Repo\elk-stock\ESTOCKMARKET-FSE\estockmarket-command\target\classes started by cogjava182 in C:\Repo\elk-stock\ESTOCKMARKET-FSE\estockmarket-command)
2022-05-17 19:32:21,952 DEBUG org.springframework.boot.StartupInfoLogger [restartedMain] Running with Spring Boot v2.5.3, Spring v5.3.9
2022-05-17 19:32:21,953 INFO org.springframework.boot.SpringApplication [restartedMain] No active profile set, falling back to default profiles: default
2022-05-17 19:32:21,961 INFO org.hibernate.validator.internal.util.Version [background-preinit] HV000001: Hibernate Validator 6.2.0.Final
2022-05-17 19:32:22,018 INFO org.springframework.boot.logging.DeferredLog [restartedMain] Devtools property defaults active! Set 'spring.devtools.add-properties' to 'false' to disable
2022-05-17 19:32:22,018 INFO org.springframework.boot.logging.DeferredLog [restartedMain] For additional web related logging consider setting the 'logging.level.web' property to 'DEBUG'
2022-05-17 19:32:24,759 INFO org.springframework.data.repository.config.RepositoryConfigurationDelegate [restartedMain] Bootstrapping Spring Data JPA repositories in DEFAULT mode.
2022-05-17 19:32:24,926 INFO org.springframework.data.repository.config.RepositoryConfigurationDelegate [restartedMain] Finished Spring Data repository scanning in 155 ms. Found 4 JPA repository interfaces.
2022-05-17 19:32:25,415 INFO org.springframework.cloud.context.scope.GenericScope [restartedMain] BeanFactory id=6948d5fa-1ac7-3501-bc7f-398ecb25b8ac
2022-05-17 19:32:26,553 INFO org.springframework.boot.web.embedded.tomcat.TomcatWebServer [restartedMain] Tomcat initialized with port(s): 6092 (http)
2022-05-17 19:32:26,577 INFO org.apache.juli.logging.DirectJDKLog [restartedMain] Initializing ProtocolHandler ["http-nio-6092"]
2022-05-17 19:32:26,578 INFO org.apache.juli.logging.DirectJDKLog [restartedMain] Starting service [Tomcat]
2022-05-17 19:32:26,578 INFO org.apache.juli.logging.DirectJDKLog [restartedMain] Starting Servlet engine: [Apache Tomcat/9.0.50]
2022-05-17 19:32:26,888 INFO org.apache.juli.logging.DirectJDKLog [restartedMain] Initializing Spring embedded WebApplicationContext
2022-05-17 19:32:26,889 INFO org.springframework.boot.web.servlet.context.ServletWebServerApplicationContext [restartedMain] Root WebApplicationContext: initialization completed in 4870 ms
2022-05-17 19:32:27,380 INFO org.hibernate.jpa.internal.util.LogHelper [restartedMain] HHH000204: Processing PersistenceUnitInfo [name: default]
2022-05-17 19:32:27,565 INFO org.hibernate.Version [restartedMain] HHH000412: Hibernate ORM core version 5.4.32.Final
2022-05-17 19:32:27,998 INFO org.hibernate.annotations.common.reflection.java.JavaReflectionManager [restartedMain] HCANN000001: Hibernate Commons Annotations {5.1.2.Final}
2022-05-17 19:32:28,286 INFO com.zaxxer.hikari.HikariDataSource [restartedMain] HikariPool-1 - Starting...
2022-05-17 19:32:29,962 INFO com.zaxxer.hikari.HikariDataSource [restartedMain] HikariPool-1 - Start completed.
2022-05-17 19:32:29,997 INFO org.hibernate.dialect.Dialect [restartedMain] HHH000400: Using dialect: org.hibernate.dialect.MySQL5InnoDBDialect
2022-05-17 19:32:31,681 INFO org.hibernate.engine.transaction.jta.platform.internal.JtaPlatformInitiator [restartedMain] HHH000490: Using JtaPlatform implementation: [org.hibernate.engine.transaction.jta.platform.internal.NoJtaPlatform]
2022-05-17 19:32:31,699 INFO org.springframework.orm.jpa.AbstractEntityManagerFactoryBean [restartedMain] Initialized JPA EntityManagerFactory for persistence unit 'default'
2022-05-17 19:32:32,857 WARN org.springframework.boot.autoconfigure.orm.jpa.JpaBaseConfiguration$JpaWebConfiguration [restartedMain] spring.jpa.open-in-view is enabled by default. Therefore, database queries may be performed during view rendering. Explicitly configure spring.jpa.open-in-view to disable this warning
2022-05-17 19:32:33,400 INFO org.springframework.boot.actuate.endpoint.web.EndpointLinksResolver [restartedMain] Exposing 3 endpoint(s) beneath base path '/actuator'
2022-05-17 19:32:33,762 WARN org.springframework.boot.devtools.autoconfigure.OptionalLiveReloadServer [restartedMain] Unable to start LiveReload server
2022-05-17 19:32:34,388 INFO org.springframework.cloud.netflix.eureka.config.DiscoveryClientOptionalArgsConfiguration [restartedMain] Eureka HTTP Client uses RestTemplate.
2022-05-17 19:32:34,494 WARN org.springframework.cloud.loadbalancer.config.LoadBalancerCacheAutoConfiguration$LoadBalancerCaffeineWarnLogger [restartedMain] Spring Cloud LoadBalancer is currently working with the default cache. You can switch to using Caffeine cache, by adding it and org.springframework.cache.caffeine.CaffeineCacheManager to the classpath.
2022-05-17 19:32:34,622 INFO org.springframework.cloud.netflix.eureka.InstanceInfoFactory [restartedMain] Setting initial instance status as: STARTING
2022-05-17 19:32:34,687 INFO com.netflix.discovery.DiscoveryClient [restartedMain] Initializing Eureka in region us-east-1
2022-05-17 19:32:34,700 INFO com.netflix.discovery.shared.resolver.aws.ConfigClusterResolver [restartedMain] Resolving eureka endpoints via configuration
2022-05-17 19:32:34,747 INFO com.netflix.discovery.DiscoveryClient [restartedMain] Disable delta property : false
2022-05-17 19:32:34,748 INFO com.netflix.discovery.DiscoveryClient [restartedMain] Single vip registry refresh property : null
2022-05-17 19:32:34,749 INFO com.netflix.discovery.DiscoveryClient [restartedMain] Force full registry fetch : false
2022-05-17 19:32:34,750 INFO com.netflix.discovery.DiscoveryClient [restartedMain] Application is null : false
2022-05-17 19:32:34,751 INFO com.netflix.discovery.DiscoveryClient [restartedMain] Registered Applications size is zero : true
2022-05-17 19:32:34,751 INFO com.netflix.discovery.DiscoveryClient [restartedMain] Application version is -1: true
2022-05-17 19:32:34,752 INFO com.netflix.discovery.DiscoveryClient [restartedMain] Getting all instance registry info from the eureka server
2022-05-17 19:32:35,179 INFO com.netflix.discovery.DiscoveryClient [restartedMain] The response status is 200
2022-05-17 19:32:35,187 INFO com.netflix.discovery.DiscoveryClient [restartedMain] Starting heartbeat executor: renew interval is: 30
2022-05-17 19:32:35,191 INFO com.netflix.discovery.InstanceInfoReplicator [restartedMain] InstanceInfoReplicator onDemand update allowed rate per min is 4
2022-05-17 19:32:35,200 INFO com.netflix.discovery.DiscoveryClient [restartedMain] Discovery Client initialized at timestamp 1652796155198 with initial instances count: 2
2022-05-17 19:32:35,207 INFO org.springframework.cloud.netflix.eureka.serviceregistry.EurekaServiceRegistry [restartedMain] Registering application ESTOCKMARKET-COMMAND with eureka with status UP
2022-05-17 19:32:35,209 INFO com.netflix.discovery.DiscoveryClient$3 [restartedMain] Saw local status change event StatusChangeEvent [timestamp=1652796155209, current=UP, previous=STARTING]
2022-05-17 19:32:35,213 INFO com.netflix.discovery.DiscoveryClient [DiscoveryClient-InstanceInfoReplicator-0] DiscoveryClient_ESTOCKMARKET-COMMAND/host.docker.internal:estockmarket-command:6092: registering service...
2022-05-17 19:32:35,217 INFO org.apache.juli.logging.DirectJDKLog [restartedMain] Starting ProtocolHandler ["http-nio-6092"]
2022-05-17 19:32:35,282 INFO org.springframework.boot.web.embedded.tomcat.TomcatWebServer [restartedMain] Tomcat started on port(s): 6092 (http) with context path ''
2022-05-17 19:32:35,284 INFO org.springframework.cloud.netflix.eureka.serviceregistry.EurekaAutoServiceRegistration [restartedMain] Updating port to 6092
2022-05-17 19:32:35,295 INFO com.netflix.discovery.DiscoveryClient [DiscoveryClient-InstanceInfoReplicator-0] DiscoveryClient_ESTOCKMARKET-COMMAND/host.docker.internal:estockmarket-command:6092 - registration status: 204
2022-05-17 19:32:35,353 INFO springfox.documentation.spring.web.plugins.DocumentationPluginsBootstrapper [restartedMain] Context refreshed
2022-05-17 19:32:35,378 INFO springfox.documentation.spring.web.plugins.DocumentationPluginsBootstrapper [restartedMain] Found 1 custom documentation plugin(s)
2022-05-17 19:32:35,393 INFO springfox.documentation.spring.web.scanners.ApiListingReferenceScanner [restartedMain] Scanning for api listing references
2022-05-17 19:32:35,666 INFO org.springframework.boot.StartupInfoLogger [restartedMain] Started EstockmarketCommandApplication in 14.653 seconds (JVM running for 16.335)
2022-05-17 19:37:29,128 INFO com.netflix.discovery.shared.resolver.aws.ConfigClusterResolver [AsyncResolver-bootstrap-executor-0] Resolving eureka endpoints via configuration
2022-05-17 19:42:20,992 INFO com.netflix.discovery.shared.resolver.aws.ConfigClusterResolver [AsyncResolver-bootstrap-executor-0] Resolving eureka endpoints via configuration
2022-05-17 19:47:20,958 INFO com.netflix.discovery.shared.resolver.aws.ConfigClusterResolver [AsyncResolver-bootstrap-executor-0] Resolving eureka endpoints via configuration
2022-05-17 19:52:20,949 INFO com.netflix.discovery.shared.resolver.aws.ConfigClusterResolver [AsyncResolver-bootstrap-executor-0] Resolving eureka endpoints via configuration
2022-05-17 19:57:20,630 INFO com.netflix.discovery.shared.resolver.aws.ConfigClusterResolver [AsyncResolver-bootstrap-executor-0] Resolving eureka endpoints via configuration
2022-05-17 20:02:20,485 INFO com.netflix.discovery.shared.resolver.aws.ConfigClusterResolver [AsyncResolver-bootstrap-executor-0] Resolving eureka endpoints via configuration
2022-05-17 20:07:20,433 INFO com.netflix.discovery.shared.resolver.aws.ConfigClusterResolver [AsyncResolver-bootstrap-executor-0] Resolving eureka endpoints via configuration
2022-05-17 20:12:20,419 INFO com.netflix.discovery.shared.resolver.aws.ConfigClusterResolver [AsyncResolver-bootstrap-executor-0] Resolving eureka endpoints via configuration
2022-05-17 20:17:20,417 INFO com.netflix.discovery.shared.resolver.aws.ConfigClusterResolver [AsyncResolver-bootstrap-executor-0] Resolving eureka endpoints via configuration
2022-05-17 20:22:20,418 INFO com.netflix.discovery.shared.resolver.aws.ConfigClusterResolver [AsyncResolver-bootstrap-executor-0] Resolving eureka endpoints via configuration
2022-05-17 20:27:20,420 INFO com.netflix.discovery.shared.resolver.aws.ConfigClusterResolver [AsyncResolver-bootstrap-executor-0] Resolving eureka endpoints via configuration
2022-05-17 20:32:20,419 INFO com.netflix.discovery.shared.resolver.aws.ConfigClusterResolver [AsyncResolver-bootstrap-executor-0] Resolving eureka endpoints via configuration
2022-05-17 20:33:38,018 INFO org.apache.juli.logging.DirectJDKLog [http-nio-6092-exec-1] Initializing Spring DispatcherServlet 'dispatcherServlet'
2022-05-17 20:33:38,020 INFO org.springframework.web.servlet.FrameworkServlet [http-nio-6092-exec-1] Initializing Servlet 'dispatcherServlet'
2022-05-17 20:33:38,112 INFO org.springframework.web.servlet.FrameworkServlet [http-nio-6092-exec-1] Completed initialization in 91 ms
2022-05-17 20:33:38,418 INFO com.estockmarket.command.application.controller.UserController [http-nio-6092-exec-1] Save user details UserDetails [id=0, firstName=Amuthan, lastName=Elumalai, userName=Amuthan1, email=amuthanelumalai11@gmail.com, password=Amuthan@123, phone=6756786789, enable=false]
2022-05-17 20:33:39,407 DEBUG com.estockmarket.command.domain.exception.CustomizedExceptionHandling [http-nio-6092-exec-1] User already exists
2022-05-17 20:33:39,455 WARN org.springframework.web.servlet.handler.AbstractHandlerExceptionResolver [http-nio-6092-exec-1] Resolved [com.estockmarket.command.domain.exception.UserAlreadyExistsException]
2022-05-17 20:35:12,531 INFO com.estockmarket.command.application.controller.UserController [http-nio-6092-exec-2] Save user details UserDetails [id=0, firstName=Amuthan, lastName=Elumalai, userName=Amuthan3, email=amuthanelumalai3@gmail.com, password=Amuthan@123, phone=6756786789, enable=false]
2022-05-17 20:35:13,103 INFO com.estockmarket.command.domain.service.UserService [http-nio-6092-exec-2] User saved successfully UserDetails [id=32, firstName=Amuthan, lastName=Elumalai, userName=Amuthan3, email=amuthanelumalai3@gmail.com, password=$2a$10$ss4KmCgdpte.pCjFgNmi.eMLifYAlyPnGb74oNKj7Hqxqf4CDsUda, phone=6756786789, enable=true]
2022-05-17 20:35:13,115 INFO com.estockmarket.command.infrastructure.eventsourcing.KafkaUserEventSourcing [http-nio-6092-exec-2] createUser topic send successfully {
  "id" : 32,
  "firstName" : "Amuthan",
  "lastName" : "Elumalai",
  "userName" : "Amuthan3",
  "email" : "amuthanelumalai3@gmail.com",
  "password" : "$2a$10$ss4KmCgdpte.pCjFgNmi.eMLifYAlyPnGb74oNKj7Hqxqf4CDsUda",
  "phone" : 6756786789,
  "enable" : true
}
2022-05-17 20:35:13,174 INFO org.apache.kafka.common.config.AbstractConfig [http-nio-6092-exec-2] ProducerConfig values: 
	acks = 1
	batch.size = 16384
	bootstrap.servers = [localhost:9092]
	buffer.memory = 33554432
	client.dns.lookup = use_all_dns_ips
	client.id = producer-1
	compression.type = none
	connections.max.idle.ms = 540000
	delivery.timeout.ms = 120000
	enable.idempotence = false
	interceptor.classes = []
	internal.auto.downgrade.txn.commit = true
	key.serializer = class org.apache.kafka.common.serialization.StringSerializer
	linger.ms = 0
	max.block.ms = 60000
	max.in.flight.requests.per.connection = 5
	max.request.size = 1048576
	metadata.max.age.ms = 300000
	metadata.max.idle.ms = 300000
	metric.reporters = []
	metrics.num.samples = 2
	metrics.recording.level = INFO
	metrics.sample.window.ms = 30000
	partitioner.class = class org.apache.kafka.clients.producer.internals.DefaultPartitioner
	receive.buffer.bytes = 32768
	reconnect.backoff.max.ms = 1000
	reconnect.backoff.ms = 50
	request.timeout.ms = 30000
	retries = 2147483647
	retry.backoff.ms = 100
	sasl.client.callback.handler.class = null
	sasl.jaas.config = null
	sasl.kerberos.kinit.cmd = /usr/bin/kinit
	sasl.kerberos.min.time.before.relogin = 60000
	sasl.kerberos.service.name = null
	sasl.kerberos.ticket.renew.jitter = 0.05
	sasl.kerberos.ticket.renew.window.factor = 0.8
	sasl.login.callback.handler.class = null
	sasl.login.class = null
	sasl.login.refresh.buffer.seconds = 300
	sasl.login.refresh.min.period.seconds = 60
	sasl.login.refresh.window.factor = 0.8
	sasl.login.refresh.window.jitter = 0.05
	sasl.mechanism = GSSAPI
	security.protocol = PLAINTEXT
	security.providers = null
	send.buffer.bytes = 131072
	socket.connection.setup.timeout.max.ms = 127000
	socket.connection.setup.timeout.ms = 10000
	ssl.cipher.suites = null
	ssl.enabled.protocols = [TLSv1.2, TLSv1.3]
	ssl.endpoint.identification.algorithm = https
	ssl.engine.factory.class = null
	ssl.key.password = null
	ssl.keymanager.algorithm = SunX509
	ssl.keystore.certificate.chain = null
	ssl.keystore.key = null
	ssl.keystore.location = null
	ssl.keystore.password = null
	ssl.keystore.type = JKS
	ssl.protocol = TLSv1.3
	ssl.provider = null
	ssl.secure.random.implementation = null
	ssl.trustmanager.algorithm = PKIX
	ssl.truststore.certificates = null
	ssl.truststore.location = null
	ssl.truststore.password = null
	ssl.truststore.type = JKS
	transaction.timeout.ms = 60000
	transactional.id = null
	value.serializer = class org.springframework.kafka.support.serializer.JsonSerializer

2022-05-17 20:35:13,334 INFO org.apache.kafka.common.utils.AppInfoParser$AppInfo [http-nio-6092-exec-2] Kafka version: 2.7.1
2022-05-17 20:35:13,335 INFO org.apache.kafka.common.utils.AppInfoParser$AppInfo [http-nio-6092-exec-2] Kafka commitId: 61dbce85d0d41457
2022-05-17 20:35:13,336 INFO org.apache.kafka.common.utils.AppInfoParser$AppInfo [http-nio-6092-exec-2] Kafka startTimeMs: 1652799913326
2022-05-17 20:35:13,948 INFO org.apache.kafka.clients.Metadata [kafka-producer-network-thread | producer-1] [Producer clientId=producer-1] Cluster ID: 5kpO7pNKTFqroM6YwsJ86A
2022-05-17 20:36:03,103 INFO com.estockmarket.command.application.controller.CompanyController [http-nio-6092-exec-3] Create company details com.estockmarket.command.application.dto.CompanyDto@5b5e535b
2022-05-17 20:36:03,184 INFO com.estockmarket.command.domain.service.CompanyService [http-nio-6092-exec-3] Company details saved successfully com.estockmarket.command.domain.entity.Company@7d255efb
2022-05-17 20:36:03,190 INFO com.estockmarket.command.infrastructure.eventsourcing.KafkaCompanyEventSourcing [http-nio-6092-exec-3] createCompany topic send successfully {
  "id" : 9,
  "companyCode" : "C-008",
  "companyName" : "TCT7",
  "ceo" : "TATA",
  "companyTurnover" : 22.2,
  "companyWebsite" : "www.tcs.com",
  "stockExchangeName" : "BSE",
  "sectorName" : "Information Technology",
  "companyDescription" : "Information technology Consulting Outsourcing"
}
2022-05-17 20:37:20,422 INFO com.netflix.discovery.shared.resolver.aws.ConfigClusterResolver [AsyncResolver-bootstrap-executor-0] Resolving eureka endpoints via configuration
